<component name="libraryTable">
  <library name="junit.platform.runner" type="repository">
    <properties maven-id="org.junit.platform:junit-platform-runner:1.10.2" />
    <CLASSES>
      <root url="jar://$PROJECT_DIR$/lib/junit-platform-runner-1.10.2.jar!/" />
      <root url="jar://$PROJECT_DIR$/lib/junit-4.13.2.jar!/" />
      <root url="jar://$PROJECT_DIR$/lib/hamcrest-core-1.3.jar!/" />
      <root url="jar://$PROJECT_DIR$/lib/junit-platform-launcher-1.10.2.jar!/" />
      <root url="jar://$PROJECT_DIR$/lib/junit-platform-engine-1.10.2.jar!/" />
      <root url="jar://$PROJECT_DIR$/lib/opentest4j-1.3.0.jar!/" />
      <root url="jar://$PROJECT_DIR$/lib/junit-platform-suite-api-1.10.2.jar!/" />
      <root url="jar://$PROJECT_DIR$/lib/junit-platform-commons-1.10.2.jar!/" />
      <root url="jar://$PROJECT_DIR$/lib/apiguardian-api-1.1.2.jar!/" />
      <root url="jar://$PROJECT_DIR$/lib/junit-platform-suite-commons-1.10.2.jar!/" />
    </CLASSES>
    <JAVADOC />
    <SOURCES />
  </library>
</component>